2018-12-16 08:35:05.657 [main] ERROR org.springframework.boot.SpringApplication - Application run failed
java.lang.IllegalStateException: Failed to load property source from location 'classpath:/application.yml'
	at org.springframework.boot.context.config.ConfigFileApplicationListener$Loader.load(ConfigFileApplicationListener.java:552)
	at org.springframework.boot.context.config.ConfigFileApplicationListener$Loader.loadForFileExtension(ConfigFileApplicationListener.java:503)
	at org.springframework.boot.context.config.ConfigFileApplicationListener$Loader.load(ConfigFileApplicationListener.java:470)
	at org.springframework.boot.context.config.ConfigFileApplicationListener$Loader.lambda$null$6(ConfigFileApplicationListener.java:451)
	at java.lang.Iterable.forEach(Iterable.java:75)
	at org.springframework.boot.context.config.ConfigFileApplicationListener$Loader.lambda$load$7(ConfigFileApplicationListener.java:450)
	at java.lang.Iterable.forEach(Iterable.java:75)
	at org.springframework.boot.context.config.ConfigFileApplicationListener$Loader.load(ConfigFileApplicationListener.java:447)
	at org.springframework.boot.context.config.ConfigFileApplicationListener$Loader.load(ConfigFileApplicationListener.java:336)
	at org.springframework.boot.context.config.ConfigFileApplicationListener.addPropertySources(ConfigFileApplicationListener.java:215)
	at org.springframework.boot.context.config.ConfigFileApplicationListener.postProcessEnvironment(ConfigFileApplicationListener.java:198)
	at org.springframework.boot.context.config.ConfigFileApplicationListener.onApplicationEnvironmentPreparedEvent(ConfigFileApplicationListener.java:185)
	at org.springframework.boot.context.config.ConfigFileApplicationListener.onApplicationEvent(ConfigFileApplicationListener.java:171)
	at org.springframework.context.event.SimpleApplicationEventMulticaster.doInvokeListener(SimpleApplicationEventMulticaster.java:172)
	at org.springframework.context.event.SimpleApplicationEventMulticaster.invokeListener(SimpleApplicationEventMulticaster.java:165)
	at org.springframework.context.event.SimpleApplicationEventMulticaster.multicastEvent(SimpleApplicationEventMulticaster.java:139)
	at org.springframework.context.event.SimpleApplicationEventMulticaster.multicastEvent(SimpleApplicationEventMulticaster.java:127)
	at org.springframework.boot.context.event.EventPublishingRunListener.environmentPrepared(EventPublishingRunListener.java:74)
	at org.springframework.boot.SpringApplicationRunListeners.environmentPrepared(SpringApplicationRunListeners.java:54)
	at org.springframework.boot.SpringApplication.prepareEnvironment(SpringApplication.java:364)
	at org.springframework.boot.SpringApplication.run(SpringApplication.java:323)
	at org.springframework.boot.SpringApplication.run(SpringApplication.java:1277)
	at org.springframework.boot.SpringApplication.run(SpringApplication.java:1265)
	at com.madisoon.cloud.YuqingServiceApplication.main(YuqingServiceApplication.java:43)
Caused by: org.yaml.snakeyaml.scanner.ScannerException: while scanning an alias
 in 'reader', line 19, column 18:
            include: *
                     ^
expected alphabetic or numeric character, but found 
(10)
 in 'reader', line 19, column 19:
            include: *
                      ^

	at org.yaml.snakeyaml.scanner.ScannerImpl.scanAnchor(ScannerImpl.java:1447)
	at org.yaml.snakeyaml.scanner.ScannerImpl.fetchAlias(ScannerImpl.java:918)
	at org.yaml.snakeyaml.scanner.ScannerImpl.fetchMoreTokens(ScannerImpl.java:366)
	at org.yaml.snakeyaml.scanner.ScannerImpl.checkToken(ScannerImpl.java:226)
	at org.yaml.snakeyaml.parser.ParserImpl$ParseBlockMappingValue.produce(ParserImpl.java:585)
	at org.yaml.snakeyaml.parser.ParserImpl.peekEvent(ParserImpl.java:157)
	at org.yaml.snakeyaml.parser.ParserImpl.checkEvent(ParserImpl.java:147)
	at org.yaml.snakeyaml.composer.Composer.composeNode(Composer.java:133)
	at org.yaml.snakeyaml.composer.Composer.composeValueNode(Composer.java:249)
	at org.yaml.snakeyaml.composer.Composer.composeMappingChildren(Composer.java:240)
	at org.yaml.snakeyaml.composer.Composer.composeMappingNode(Composer.java:228)
	at org.yaml.snakeyaml.composer.Composer.composeNode(Composer.java:154)
	at org.yaml.snakeyaml.composer.Composer.composeValueNode(Composer.java:249)
	at org.yaml.snakeyaml.composer.Composer.composeMappingChildren(Composer.java:240)
	at org.yaml.snakeyaml.composer.Composer.composeMappingNode(Composer.java:228)
	at org.yaml.snakeyaml.composer.Composer.composeNode(Composer.java:154)
	at org.yaml.snakeyaml.composer.Composer.composeValueNode(Composer.java:249)
	at org.yaml.snakeyaml.composer.Composer.composeMappingChildren(Composer.java:240)
	at org.yaml.snakeyaml.composer.Composer.composeMappingNode(Composer.java:228)
	at org.yaml.snakeyaml.composer.Composer.composeNode(Composer.java:154)
	at org.yaml.snakeyaml.composer.Composer.composeValueNode(Composer.java:249)
	at org.yaml.snakeyaml.composer.Composer.composeMappingChildren(Composer.java:240)
	at org.yaml.snakeyaml.composer.Composer.composeMappingNode(Composer.java:228)
	at org.yaml.snakeyaml.composer.Composer.composeNode(Composer.java:154)
	at org.yaml.snakeyaml.composer.Composer.composeValueNode(Composer.java:249)
	at org.yaml.snakeyaml.composer.Composer.composeMappingChildren(Composer.java:240)
	at org.yaml.snakeyaml.composer.Composer.composeMappingNode(Composer.java:228)
	at org.yaml.snakeyaml.composer.Composer.composeNode(Composer.java:154)
	at org.yaml.snakeyaml.composer.Composer.composeDocument(Composer.java:122)
	at org.yaml.snakeyaml.composer.Composer.getNode(Composer.java:84)
	at org.yaml.snakeyaml.constructor.BaseConstructor.getData(BaseConstructor.java:123)
	at org.yaml.snakeyaml.Yaml$1.next(Yaml.java:547)
	at org.springframework.beans.factory.config.YamlProcessor.process(YamlProcessor.java:166)
	at org.springframework.beans.factory.config.YamlProcessor.process(YamlProcessor.java:139)
	at org.springframework.boot.env.OriginTrackedYamlLoader.load(OriginTrackedYamlLoader.java:75)
	at org.springframework.boot.env.YamlPropertySourceLoader.load(YamlPropertySourceLoader.java:50)
	at org.springframework.boot.context.config.ConfigFileApplicationListener$Loader.loadDocuments(ConfigFileApplicationListener.java:570)
	at org.springframework.boot.context.config.ConfigFileApplicationListener$Loader.load(ConfigFileApplicationListener.java:526)
	... 23 common frames omitted
2018-12-16 08:36:10.261 [main] ERROR org.springframework.boot.SpringApplication - Application run failed
java.lang.IllegalStateException: Failed to load property source from location 'classpath:/application.yml'
	at org.springframework.boot.context.config.ConfigFileApplicationListener$Loader.load(ConfigFileApplicationListener.java:552)
	at org.springframework.boot.context.config.ConfigFileApplicationListener$Loader.loadForFileExtension(ConfigFileApplicationListener.java:503)
	at org.springframework.boot.context.config.ConfigFileApplicationListener$Loader.load(ConfigFileApplicationListener.java:470)
	at org.springframework.boot.context.config.ConfigFileApplicationListener$Loader.lambda$null$6(ConfigFileApplicationListener.java:451)
	at java.lang.Iterable.forEach(Iterable.java:75)
	at org.springframework.boot.context.config.ConfigFileApplicationListener$Loader.lambda$load$7(ConfigFileApplicationListener.java:450)
	at java.lang.Iterable.forEach(Iterable.java:75)
	at org.springframework.boot.context.config.ConfigFileApplicationListener$Loader.load(ConfigFileApplicationListener.java:447)
	at org.springframework.boot.context.config.ConfigFileApplicationListener$Loader.load(ConfigFileApplicationListener.java:336)
	at org.springframework.boot.context.config.ConfigFileApplicationListener.addPropertySources(ConfigFileApplicationListener.java:215)
	at org.springframework.boot.context.config.ConfigFileApplicationListener.postProcessEnvironment(ConfigFileApplicationListener.java:198)
	at org.springframework.boot.context.config.ConfigFileApplicationListener.onApplicationEnvironmentPreparedEvent(ConfigFileApplicationListener.java:185)
	at org.springframework.boot.context.config.ConfigFileApplicationListener.onApplicationEvent(ConfigFileApplicationListener.java:171)
	at org.springframework.context.event.SimpleApplicationEventMulticaster.doInvokeListener(SimpleApplicationEventMulticaster.java:172)
	at org.springframework.context.event.SimpleApplicationEventMulticaster.invokeListener(SimpleApplicationEventMulticaster.java:165)
	at org.springframework.context.event.SimpleApplicationEventMulticaster.multicastEvent(SimpleApplicationEventMulticaster.java:139)
	at org.springframework.context.event.SimpleApplicationEventMulticaster.multicastEvent(SimpleApplicationEventMulticaster.java:127)
	at org.springframework.boot.context.event.EventPublishingRunListener.environmentPrepared(EventPublishingRunListener.java:74)
	at org.springframework.boot.SpringApplicationRunListeners.environmentPrepared(SpringApplicationRunListeners.java:54)
	at org.springframework.boot.SpringApplication.prepareEnvironment(SpringApplication.java:364)
	at org.springframework.boot.SpringApplication.run(SpringApplication.java:323)
	at org.springframework.boot.SpringApplication.run(SpringApplication.java:1277)
	at org.springframework.boot.SpringApplication.run(SpringApplication.java:1265)
	at com.madisoon.cloud.YuqingServiceApplication.main(YuqingServiceApplication.java:43)
Caused by: org.yaml.snakeyaml.scanner.ScannerException: while scanning an alias
 in 'reader', line 19, column 18:
            include: *
                     ^
expected alphabetic or numeric character, but found 
(10)
 in 'reader', line 19, column 19:
            include: *
                      ^

	at org.yaml.snakeyaml.scanner.ScannerImpl.scanAnchor(ScannerImpl.java:1447)
	at org.yaml.snakeyaml.scanner.ScannerImpl.fetchAlias(ScannerImpl.java:918)
	at org.yaml.snakeyaml.scanner.ScannerImpl.fetchMoreTokens(ScannerImpl.java:366)
	at org.yaml.snakeyaml.scanner.ScannerImpl.checkToken(ScannerImpl.java:226)
	at org.yaml.snakeyaml.parser.ParserImpl$ParseBlockMappingValue.produce(ParserImpl.java:585)
	at org.yaml.snakeyaml.parser.ParserImpl.peekEvent(ParserImpl.java:157)
	at org.yaml.snakeyaml.parser.ParserImpl.checkEvent(ParserImpl.java:147)
	at org.yaml.snakeyaml.composer.Composer.composeNode(Composer.java:133)
	at org.yaml.snakeyaml.composer.Composer.composeValueNode(Composer.java:249)
	at org.yaml.snakeyaml.composer.Composer.composeMappingChildren(Composer.java:240)
	at org.yaml.snakeyaml.composer.Composer.composeMappingNode(Composer.java:228)
	at org.yaml.snakeyaml.composer.Composer.composeNode(Composer.java:154)
	at org.yaml.snakeyaml.composer.Composer.composeValueNode(Composer.java:249)
	at org.yaml.snakeyaml.composer.Composer.composeMappingChildren(Composer.java:240)
	at org.yaml.snakeyaml.composer.Composer.composeMappingNode(Composer.java:228)
	at org.yaml.snakeyaml.composer.Composer.composeNode(Composer.java:154)
	at org.yaml.snakeyaml.composer.Composer.composeValueNode(Composer.java:249)
	at org.yaml.snakeyaml.composer.Composer.composeMappingChildren(Composer.java:240)
	at org.yaml.snakeyaml.composer.Composer.composeMappingNode(Composer.java:228)
	at org.yaml.snakeyaml.composer.Composer.composeNode(Composer.java:154)
	at org.yaml.snakeyaml.composer.Composer.composeValueNode(Composer.java:249)
	at org.yaml.snakeyaml.composer.Composer.composeMappingChildren(Composer.java:240)
	at org.yaml.snakeyaml.composer.Composer.composeMappingNode(Composer.java:228)
	at org.yaml.snakeyaml.composer.Composer.composeNode(Composer.java:154)
	at org.yaml.snakeyaml.composer.Composer.composeValueNode(Composer.java:249)
	at org.yaml.snakeyaml.composer.Composer.composeMappingChildren(Composer.java:240)
	at org.yaml.snakeyaml.composer.Composer.composeMappingNode(Composer.java:228)
	at org.yaml.snakeyaml.composer.Composer.composeNode(Composer.java:154)
	at org.yaml.snakeyaml.composer.Composer.composeDocument(Composer.java:122)
	at org.yaml.snakeyaml.composer.Composer.getNode(Composer.java:84)
	at org.yaml.snakeyaml.constructor.BaseConstructor.getData(BaseConstructor.java:123)
	at org.yaml.snakeyaml.Yaml$1.next(Yaml.java:547)
	at org.springframework.beans.factory.config.YamlProcessor.process(YamlProcessor.java:166)
	at org.springframework.beans.factory.config.YamlProcessor.process(YamlProcessor.java:139)
	at org.springframework.boot.env.OriginTrackedYamlLoader.load(OriginTrackedYamlLoader.java:75)
	at org.springframework.boot.env.YamlPropertySourceLoader.load(YamlPropertySourceLoader.java:50)
	at org.springframework.boot.context.config.ConfigFileApplicationListener$Loader.loadDocuments(ConfigFileApplicationListener.java:570)
	at org.springframework.boot.context.config.ConfigFileApplicationListener$Loader.load(ConfigFileApplicationListener.java:526)
	... 23 common frames omitted
2018-12-16 08:36:56.602 [main] ERROR org.springframework.boot.SpringApplication - Application run failed
java.lang.IllegalStateException: Failed to load property source from location 'classpath:/application.yml'
	at org.springframework.boot.context.config.ConfigFileApplicationListener$Loader.load(ConfigFileApplicationListener.java:552)
	at org.springframework.boot.context.config.ConfigFileApplicationListener$Loader.loadForFileExtension(ConfigFileApplicationListener.java:503)
	at org.springframework.boot.context.config.ConfigFileApplicationListener$Loader.load(ConfigFileApplicationListener.java:470)
	at org.springframework.boot.context.config.ConfigFileApplicationListener$Loader.lambda$null$6(ConfigFileApplicationListener.java:451)
	at java.lang.Iterable.forEach(Iterable.java:75)
	at org.springframework.boot.context.config.ConfigFileApplicationListener$Loader.lambda$load$7(ConfigFileApplicationListener.java:450)
	at java.lang.Iterable.forEach(Iterable.java:75)
	at org.springframework.boot.context.config.ConfigFileApplicationListener$Loader.load(ConfigFileApplicationListener.java:447)
	at org.springframework.boot.context.config.ConfigFileApplicationListener$Loader.load(ConfigFileApplicationListener.java:336)
	at org.springframework.boot.context.config.ConfigFileApplicationListener.addPropertySources(ConfigFileApplicationListener.java:215)
	at org.springframework.boot.context.config.ConfigFileApplicationListener.postProcessEnvironment(ConfigFileApplicationListener.java:198)
	at org.springframework.boot.context.config.ConfigFileApplicationListener.onApplicationEnvironmentPreparedEvent(ConfigFileApplicationListener.java:185)
	at org.springframework.boot.context.config.ConfigFileApplicationListener.onApplicationEvent(ConfigFileApplicationListener.java:171)
	at org.springframework.context.event.SimpleApplicationEventMulticaster.doInvokeListener(SimpleApplicationEventMulticaster.java:172)
	at org.springframework.context.event.SimpleApplicationEventMulticaster.invokeListener(SimpleApplicationEventMulticaster.java:165)
	at org.springframework.context.event.SimpleApplicationEventMulticaster.multicastEvent(SimpleApplicationEventMulticaster.java:139)
	at org.springframework.context.event.SimpleApplicationEventMulticaster.multicastEvent(SimpleApplicationEventMulticaster.java:127)
	at org.springframework.boot.context.event.EventPublishingRunListener.environmentPrepared(EventPublishingRunListener.java:74)
	at org.springframework.boot.SpringApplicationRunListeners.environmentPrepared(SpringApplicationRunListeners.java:54)
	at org.springframework.boot.SpringApplication.prepareEnvironment(SpringApplication.java:364)
	at org.springframework.boot.SpringApplication.run(SpringApplication.java:323)
	at org.springframework.boot.SpringApplication.run(SpringApplication.java:1277)
	at org.springframework.boot.SpringApplication.run(SpringApplication.java:1265)
	at com.madisoon.cloud.YuqingServiceApplication.main(YuqingServiceApplication.java:43)
Caused by: org.yaml.snakeyaml.scanner.ScannerException: while scanning an alias
 in 'reader', line 19, column 18:
            include: *
                     ^
expected alphabetic or numeric character, but found 
(10)
 in 'reader', line 19, column 19:
            include: *
                      ^

	at org.yaml.snakeyaml.scanner.ScannerImpl.scanAnchor(ScannerImpl.java:1447)
	at org.yaml.snakeyaml.scanner.ScannerImpl.fetchAlias(ScannerImpl.java:918)
	at org.yaml.snakeyaml.scanner.ScannerImpl.fetchMoreTokens(ScannerImpl.java:366)
	at org.yaml.snakeyaml.scanner.ScannerImpl.checkToken(ScannerImpl.java:226)
	at org.yaml.snakeyaml.parser.ParserImpl$ParseBlockMappingValue.produce(ParserImpl.java:585)
	at org.yaml.snakeyaml.parser.ParserImpl.peekEvent(ParserImpl.java:157)
	at org.yaml.snakeyaml.parser.ParserImpl.checkEvent(ParserImpl.java:147)
	at org.yaml.snakeyaml.composer.Composer.composeNode(Composer.java:133)
	at org.yaml.snakeyaml.composer.Composer.composeValueNode(Composer.java:249)
	at org.yaml.snakeyaml.composer.Composer.composeMappingChildren(Composer.java:240)
	at org.yaml.snakeyaml.composer.Composer.composeMappingNode(Composer.java:228)
	at org.yaml.snakeyaml.composer.Composer.composeNode(Composer.java:154)
	at org.yaml.snakeyaml.composer.Composer.composeValueNode(Composer.java:249)
	at org.yaml.snakeyaml.composer.Composer.composeMappingChildren(Composer.java:240)
	at org.yaml.snakeyaml.composer.Composer.composeMappingNode(Composer.java:228)
	at org.yaml.snakeyaml.composer.Composer.composeNode(Composer.java:154)
	at org.yaml.snakeyaml.composer.Composer.composeValueNode(Composer.java:249)
	at org.yaml.snakeyaml.composer.Composer.composeMappingChildren(Composer.java:240)
	at org.yaml.snakeyaml.composer.Composer.composeMappingNode(Composer.java:228)
	at org.yaml.snakeyaml.composer.Composer.composeNode(Composer.java:154)
	at org.yaml.snakeyaml.composer.Composer.composeValueNode(Composer.java:249)
	at org.yaml.snakeyaml.composer.Composer.composeMappingChildren(Composer.java:240)
	at org.yaml.snakeyaml.composer.Composer.composeMappingNode(Composer.java:228)
	at org.yaml.snakeyaml.composer.Composer.composeNode(Composer.java:154)
	at org.yaml.snakeyaml.composer.Composer.composeValueNode(Composer.java:249)
	at org.yaml.snakeyaml.composer.Composer.composeMappingChildren(Composer.java:240)
	at org.yaml.snakeyaml.composer.Composer.composeMappingNode(Composer.java:228)
	at org.yaml.snakeyaml.composer.Composer.composeNode(Composer.java:154)
	at org.yaml.snakeyaml.composer.Composer.composeDocument(Composer.java:122)
	at org.yaml.snakeyaml.composer.Composer.getNode(Composer.java:84)
	at org.yaml.snakeyaml.constructor.BaseConstructor.getData(BaseConstructor.java:123)
	at org.yaml.snakeyaml.Yaml$1.next(Yaml.java:547)
	at org.springframework.beans.factory.config.YamlProcessor.process(YamlProcessor.java:166)
	at org.springframework.beans.factory.config.YamlProcessor.process(YamlProcessor.java:139)
	at org.springframework.boot.env.OriginTrackedYamlLoader.load(OriginTrackedYamlLoader.java:75)
	at org.springframework.boot.env.YamlPropertySourceLoader.load(YamlPropertySourceLoader.java:50)
	at org.springframework.boot.context.config.ConfigFileApplicationListener$Loader.loadDocuments(ConfigFileApplicationListener.java:570)
	at org.springframework.boot.context.config.ConfigFileApplicationListener$Loader.load(ConfigFileApplicationListener.java:526)
	... 23 common frames omitted
2018-12-16 08:37:55.923 [main] ERROR o.s.b.diagnostics.LoggingFailureAnalysisReporter - 

***************************
APPLICATION FAILED TO START
***************************

Description:

An attempt was made to call the method org.springframework.boot.web.client.RestTemplateBuilder.setConnectTimeout(Ljava/time/Duration;)Lorg/springframework/boot/web/client/RestTemplateBuilder; but it does not exist. Its class, org.springframework.boot.web.client.RestTemplateBuilder, is available from the following locations:

    jar:file:/Users/zg/.m2/repository/org/springframework/boot/spring-boot/2.0.5.RELEASE/spring-boot-2.0.5.RELEASE.jar!/org/springframework/boot/web/client/RestTemplateBuilder.class

It was loaded from the following location:

    file:/Users/zg/.m2/repository/org/springframework/boot/spring-boot/2.0.5.RELEASE/spring-boot-2.0.5.RELEASE.jar


Action:

Correct the classpath of your application so that it contains a single, compatible version of org.springframework.boot.web.client.RestTemplateBuilder

2018-12-16 08:38:38.789 [main] ERROR o.s.b.diagnostics.LoggingFailureAnalysisReporter - 

***************************
APPLICATION FAILED TO START
***************************

Description:

An attempt was made to call the method org.springframework.boot.web.client.RestTemplateBuilder.setConnectTimeout(Ljava/time/Duration;)Lorg/springframework/boot/web/client/RestTemplateBuilder; but it does not exist. Its class, org.springframework.boot.web.client.RestTemplateBuilder, is available from the following locations:

    jar:file:/Users/zg/.m2/repository/org/springframework/boot/spring-boot/2.0.5.RELEASE/spring-boot-2.0.5.RELEASE.jar!/org/springframework/boot/web/client/RestTemplateBuilder.class

It was loaded from the following location:

    file:/Users/zg/.m2/repository/org/springframework/boot/spring-boot/2.0.5.RELEASE/spring-boot-2.0.5.RELEASE.jar


Action:

Correct the classpath of your application so that it contains a single, compatible version of org.springframework.boot.web.client.RestTemplateBuilder

2018-12-16 08:41:32.072 [main] ERROR org.springframework.boot.SpringApplication - Application run failed
org.springframework.beans.factory.BeanCreationException: Error creating bean with name 'rabbitListenerContainerFactory' defined in class path resource [org/springframework/boot/autoconfigure/amqp/RabbitAnnotationDrivenConfiguration.class]: Initialization of bean failed; nested exception is java.lang.NullPointerException
	at org.springframework.beans.factory.support.AbstractAutowireCapableBeanFactory.doCreateBean(AbstractAutowireCapableBeanFactory.java:584)
	at org.springframework.beans.factory.support.AbstractAutowireCapableBeanFactory.createBean(AbstractAutowireCapableBeanFactory.java:498)
	at org.springframework.beans.factory.support.AbstractBeanFactory.lambda$doGetBean$0(AbstractBeanFactory.java:320)
	at org.springframework.beans.factory.support.DefaultSingletonBeanRegistry.getSingleton(DefaultSingletonBeanRegistry.java:222)
	at org.springframework.beans.factory.support.AbstractBeanFactory.doGetBean(AbstractBeanFactory.java:318)
	at org.springframework.beans.factory.support.AbstractBeanFactory.getBean(AbstractBeanFactory.java:199)
	at org.springframework.beans.factory.support.DefaultListableBeanFactory.preInstantiateSingletons(DefaultListableBeanFactory.java:846)
	at org.springframework.context.support.AbstractApplicationContext.finishBeanFactoryInitialization(AbstractApplicationContext.java:863)
	at org.springframework.context.support.AbstractApplicationContext.refresh(AbstractApplicationContext.java:546)
	at org.springframework.boot.web.servlet.context.ServletWebServerApplicationContext.refresh(ServletWebServerApplicationContext.java:142)
	at org.springframework.boot.SpringApplication.refresh(SpringApplication.java:775)
	at org.springframework.boot.SpringApplication.refreshContext(SpringApplication.java:397)
	at org.springframework.boot.SpringApplication.run(SpringApplication.java:316)
	at org.springframework.boot.SpringApplication.run(SpringApplication.java:1260)
	at org.springframework.boot.SpringApplication.run(SpringApplication.java:1248)
	at com.madisoon.cloud.YuqingServiceApplication.main(YuqingServiceApplication.java:43)
Caused by: java.lang.NullPointerException: null
	at org.springframework.amqp.rabbit.config.AbstractRabbitListenerContainerFactory.getAdviceChain(AbstractRabbitListenerContainerFactory.java:198)
	at brave.spring.rabbit.SpringRabbitTracing.decorateSimpleRabbitListenerContainerFactory(SpringRabbitTracing.java:170)
	at org.springframework.cloud.sleuth.instrument.messaging.SleuthRabbitBeanPostProcessor.postProcessBeforeInitialization(TraceMessagingAutoConfiguration.java:137)
	at org.springframework.beans.factory.support.AbstractAutowireCapableBeanFactory.applyBeanPostProcessorsBeforeInitialization(AbstractAutowireCapableBeanFactory.java:419)
	at org.springframework.beans.factory.support.AbstractAutowireCapableBeanFactory.initializeBean(AbstractAutowireCapableBeanFactory.java:1737)
	at org.springframework.beans.factory.support.AbstractAutowireCapableBeanFactory.doCreateBean(AbstractAutowireCapableBeanFactory.java:576)
	... 15 common frames omitted
2018-12-16 08:42:52.510 [main] ERROR o.s.b.diagnostics.LoggingFailureAnalysisReporter - 

***************************
APPLICATION FAILED TO START
***************************

Description:

An attempt was made to call the method org.springframework.boot.web.client.RestTemplateBuilder.setConnectTimeout(Ljava/time/Duration;)Lorg/springframework/boot/web/client/RestTemplateBuilder; but it does not exist. Its class, org.springframework.boot.web.client.RestTemplateBuilder, is available from the following locations:

    jar:file:/Users/zg/.m2/repository/org/springframework/boot/spring-boot/2.0.5.RELEASE/spring-boot-2.0.5.RELEASE.jar!/org/springframework/boot/web/client/RestTemplateBuilder.class

It was loaded from the following location:

    file:/Users/zg/.m2/repository/org/springframework/boot/spring-boot/2.0.5.RELEASE/spring-boot-2.0.5.RELEASE.jar


Action:

Correct the classpath of your application so that it contains a single, compatible version of org.springframework.boot.web.client.RestTemplateBuilder

